  safe_xgboost(XGBoosterSetParam(booster, "booster", "gbtree"));
  safe_xgboost(XGBoosterSetParam(booster, "objective", "reg:linear")); // L1loss
  safe_xgboost(XGBoosterSetParam(booster, "eta", "0.1"));
  safe_xgboost((XGBoosterSetParam(booster,"seed","42")))
  safe_xgboost(XGBoosterSetParam(booster, "max_depth", "3"));
  safe_xgboost(XGBoosterSetParam(booster, "verbosity", _silent ? "0" : "1"));
  safe_xgboost(XGBoosterSetParam(booster, "nthread","10"));


[12:34:01] WARNING: /home/rashedi/xgboost/src/objective/regression_obj.cu:213: reg:linear is now deprecated in favor of reg:squarederror.
 theta        count     min qerr     max qerr     avg qerr 
     1      1000000            1      20121.4      1.94002 
  2818      1000000            1      20121.4      1.94002 
  5636      1000000            1      20121.4      1.94002 
  8454      1000000            1      20121.4      1.94002 
 11272      1000000            1      20121.4      1.94002 
 14090      1000000            1      20121.4      1.94002 
theta q <=  2 q <=  3 q <=  4 q <=  5 q <=  6 q <=  7 q <=  8 q <=  9 q <= 10  q > 10   under    over
    1  791834   145554    27001    11564     6829     4100     2762     2015     1427     6914    85769   122397 
 2818  791834   145554    27001    11564     6829     4100     2762     2015     1427     6914    85769   122397 
 5636  791834   145554    27001    11564     6829     4100     2762     2015     1427     6914    85769   122397 
 8454  791834   145554    27001    11564     6829     4100     2762     2015     1427     6914    85769   122397 
11272  791834   145554    27001    11564     6829     4100     2762     2015     1427     6914    85769   122397 
14090  791834   145554    27001    11564     6829     4100     2762     2015     1427     6914    85769   122397 


reg:logistic


 theta        count     min qerr     max qerr     avg qerr 
     1      1000000            1      22428.1      1.98473 
  2818      1000000            1      22428.1      1.98473 
  5636      1000000            1      22428.1      1.98473 
  8454      1000000            1      22428.1      1.98473 
 11272      1000000            1      22428.1      1.98473 
 14090      1000000            1      22428.1      1.98473 
theta q <=  2 q <=  3 q <=  4 q <=  5 q <=  6 q <=  7 q <=  8 q <=  9 q <= 10  q > 10   under    over
    1  776135   158200    28241    12114     6960     4408     2940     2103     1565     7334    96660   127205 
 2818  776135   158200    28241    12114     6960     4408     2940     2103     1565     7334    96660   127205 
 5636  776135   158200    28241    12114     6960     4408     2940     2103     1565     7334    96660   127205 
 8454  776135   158200    28241    12114     6960     4408     2940     2103     1565     7334    96660   127205 
11272  776135   158200    28241    12114     6960     4408     2940     2103     1565     7334    96660   127205 
14090  776135   158200    28241    12114     6960     4408     2940     2103     1565     7334    96660   127205 



reg: squarederror
 theta        count     min qerr     max qerr     avg qerr 
     1      1000000            1      20121.4      1.94002 
  2818      1000000            1      20121.4      1.94002 
  5636      1000000            1      20121.4      1.94002 
  8454      1000000            1      20121.4      1.94002 
 11272      1000000            1      20121.4      1.94002 
 14090      1000000            1      20121.4      1.94002 
theta q <=  2 q <=  3 q <=  4 q <=  5 q <=  6 q <=  7 q <=  8 q <=  9 q <= 10  q > 10   under    over
    1  791834   145554    27001    11564     6829     4100     2762     2015     1427     6914    85769   122397 
 2818  791834   145554    27001    11564     6829     4100     2762     2015     1427     6914    85769   122397 
 5636  791834   145554    27001    11564     6829     4100     2762     2015     1427     6914    85769   122397 
 8454  791834   145554    27001    11564     6829     4100     2762     2015     1427     6914    85769   122397 
11272  791834   145554    27001    11564     6829     4100     2762     2015     1427     6914    85769   122397 
14090  791834   145554    27001    11564     6829     4100     2762     2015     1427     6914    85769   122397 


eta:0.01


 theta        count     min qerr     max qerr     avg qerr 
     1      1000000            1      9695.17      7.98468 
  2818      1000000            1      9695.17      7.98468 
  5636      1000000            1      9695.17      7.98468 
  8454      1000000            1      9695.17      7.98468 
 11272      1000000            1      9695.17      7.98468 
 14090      1000000            1      9695.17      7.98468 
theta q <=  2 q <=  3 q <=  4 q <=  5 q <=  6 q <=  7 q <=  8 q <=  9 q <= 10  q > 10   under    over
    1  113940    96473    91095    85788    79218    71815    64457    57349    50955   288910   869294    16766 
 2818  113940    96473    91095    85788    79218    71815    64457    57349    50955   288910   869294    16766 
 5636  113940    96473    91095    85788    79218    71815    64457    57349    50955   288910   869294    16766 
 8454  113940    96473    91095    85788    79218    71815    64457    57349    50955   288910   869294    16766 
11272  113940    96473    91095    85788    79218    71815    64457    57349    50955   288910   869294    16766 
14090  113940    96473    91095    85788    79218    71815    64457    57349    50955   288910   869294    16766 

 
num trees 1000

 theta        count     min qerr     max qerr     avg qerr 
     1      1000000            1      29447.5       2.5265 
  2818      1000000            1      29447.5       2.5265 
  5636      1000000            1      29447.5       2.5265 
  8454      1000000            1      29447.5       2.5265 
 11272      1000000            1      29447.5       2.5265 
 14090      1000000            1      29447.5       2.5265 
theta q <=  2 q <=  3 q <=  4 q <=  5 q <=  6 q <=  7 q <=  8 q <=  9 q <= 10  q > 10   under    over
    1  548588   260355   106636    42203    16984     7054     3834     2556     1872     9918   324569   126843 
 2818  548588   260355   106636    42203    16984     7054     3834     2556     1872     9918   324569   126843 
 5636  548588   260355   106636    42203    16984     7054     3834     2556     1872     9918   324569   126843 
 8454  548588   260355   106636    42203    16984     7054     3834     2556     1872     9918   324569   126843 
11272  548588   260355   106636    42203    16984     7054     3834     2556     1872     9918   324569   126843 
14090  548588   260355   106636    42203    16984     7054     3834     2556     1872     9918   324569   126843 



num tress 300

 theta        count     min qerr     max qerr     avg qerr 
     1      1000000      1.00007      4094.17      24.6097 
  2818      1000000      1.00007      4094.17      24.6097 
  5636      1000000      1.00007      4094.17      24.6097 
  8454      1000000      1.00007      4094.17      24.6097 
 11272      1000000      1.00007      4094.17      24.6097 
 14090      1000000      1.00007      4094.17      24.6097 
theta q <=  2 q <=  3 q <=  4 q <=  5 q <=  6 q <=  7 q <=  8 q <=  9 q <= 10  q > 10   under    over
    1   25218    24752    26884    28178    29102    29242    29194    28909    28877   749644   971563     3219 
 2818   25218    24752    26884    28178    29102    29242    29194    28909    28877   749644   971563     3219 
 5636   25218    24752    26884    28178    29102    29242    29194    28909    28877   749644   971563     3219 
 8454   25218    24752    26884    28178    29102    29242    29194    28909    28877   749644   971563     3219 
11272   25218    24752    26884    28178    29102    29242    29194    28909    28877   749644   971563     3219 
14090   25218    24752    26884    28178    29102    29242    29194    28909    28877   749644   971563     3219 



num trees 100 depth 5
 theta        count     min qerr     max qerr     avg qerr 
     1      1000000            1       6615.5      7.53904 
  2818      1000000            1       6615.5      7.53904 
  5636      1000000            1       6615.5      7.53904 
  8454      1000000            1       6615.5      7.53904 
 11272      1000000            1       6615.5      7.53904 
 14090      1000000            1       6615.5      7.53904 

theta q <=  2 q <=  3 q <=  4 q <=  5 q <=  6 q <=  7 q <=  8 q <=  9 q <= 10  q > 10   under    over
    1  100577    92671    91998    90133    85695    79420    71936    64723    57285   265562   886295    13128 
 2818  100577    92671    91998    90133    85695    79420    71936    64723    57285   265562   886295    13128 
 5636  100577    92671    91998    90133    85695    79420    71936    64723    57285   265562   886295    13128 
 8454  100577    92671    91998    90133    85695    79420    71936    64723    57285   265562   886295    13128 
11272  100577    92671    91998    90133    85695    79420    71936    64723    57285   265562   886295    13128 
14090  100577    92671    91998    90133    85695    79420    71936    64723    57285   265562   886295    13128 



1000 trees depth 5 eta 0.01
 theta        count     min qerr     max qerr     avg qerr 
     1      1000000            1      14639.8      1.57906 
  2818      1000000            1      14639.8      1.57906 
  5636      1000000            1      14639.8      1.57906 
  8454      1000000            1      14639.8      1.57906 
 11272      1000000            1      14639.8      1.57906 
 14090      1000000            1      14639.8      1.57906 
theta q <=  2 q <=  3 q <=  4 q <=  5 q <=  6 q <=  7 q <=  8 q <=  9 q <= 10  q > 10   under    over
    1  916091    52571    13794     6307     3352     2083     1305      893      643     2961    10684    73225 
 2818  916091    52571    13794     6307     3352     2083     1305      893      643     2961    10684    73225 
 5636  916091    52571    13794     6307     3352     2083     1305      893      643     2961    10684    73225 
 8454  916091    52571    13794     6307     3352     2083     1305      893      643     2961    10684    73225 
11272  916091    52571    13794     6307     3352     2083     1305      893      643     2961    10684    73225 
14090  916091    52571    13794     6307     3352     2083     1305      893      643     2961    10684    73225 



300 trees
 theta        count     min qerr     max qerr     avg qerr 
     1      1000000            1      20796.9      2.15234 
  2818      1000000            1      20796.9      2.15234 
  5636      1000000            1      20796.9      2.15234 
  8454      1000000            1      20796.9      2.15234 
 11272      1000000            1      20796.9      2.15234 
 14090      1000000            1      20796.9      2.15234 
theta q <=  2 q <=  3 q <=  4 q <=  5 q <=  6 q <=  7 q <=  8 q <=  9 q <= 10  q > 10   under    over
    1  632799   269633    64788    12807     5485     3364     2305     1678     1220     5921   272170    95031 
 2818  632799   269633    64788    12807     5485     3364     2305     1678     1220     5921   272170    95031 
 5636  632799   269633    64788    12807     5485     3364     2305     1678     1220     5921   272170    95031 
 8454  632799   269633    64788    12807     5485     3364     2305     1678     1220     5921   272170    95031 
11272  632799   269633    64788    12807     5485     3364     2305     1678     1220     5921   272170    95031 
14090  632799   269633    64788    12807     5485     3364     2305     1678     1220     5921   272170    95031 



 100 trees
 theta        count     min qerr     max qerr     avg qerr 
     1      1000000            1       6615.5      7.53904 
  2818      1000000            1       6615.5      7.53904 
  5636      1000000            1       6615.5      7.53904 
  8454      1000000            1       6615.5      7.53904 
 11272      1000000            1       6615.5      7.53904 
 14090      1000000            1       6615.5      7.53904 
theta q <=  2 q <=  3 q <=  4 q <=  5 q <=  6 q <=  7 q <=  8 q <=  9 q <= 10  q > 10   under    over
    1  100577    92671    91998    90133    85695    79420    71936    64723    57285   265562   886295    13128 
 2818  100577    92671    91998    90133    85695    79420    71936    64723    57285   265562   886295    13128 
 5636  100577    92671    91998    90133    85695    79420    71936    64723    57285   265562   886295    13128 
 8454  100577    92671    91998    90133    85695    79420    71936    64723    57285   265562   886295    13128 
11272  100577    92671    91998    90133    85695    79420    71936    64723    57285   265562   886295    13128 
14090  100577    92671    91998    90133    85695    79420    71936    64723    57285   265562   886295    13128 



1000 trees 0.1 eta depth 3
 theta        count     min qerr     max qerr     avg qerr 
     1      1000000            1      11471.2      1.29573 
  2818      1000000            1      11471.2      1.29573 
  5636       999999            1      11471.2      1.29573 
  8454       999995            1      11471.2      1.29571 
 11272       999990            1      11471.2      1.29571 
 14090       999976            1      11471.2      1.29567 
theta q <=  2 q <=  3 q <=  4 q <=  5 q <=  6 q <=  7 q <=  8 q <=  9 q <= 10  q > 10   under    over
    1  971060    20337     4263     1696      894      456      347      177      135      635     6798    22142 
 2818  971060    20337     4263     1696      894      456      347      177      135      635     6798    22142 
 5636  971059    20337     4263     1696      894      456      347      177      135      635     6798    22142 
 8454  971057    20336     4263     1696      894      456      347      177      135      634     6798    22140 
11272  971053    20336     4262     1696      894      456      347      177      135      634     6798    22139 
14090  971044    20336     4260     1696      894      456      347      176      135      632     6798    22134 


100 trees 

 theta        count     min qerr     max qerr     avg qerr 
     1      1000000            1      20121.4      1.94002 
  2818      1000000            1      20121.4      1.94002 
  5636      1000000            1      20121.4      1.94002 
  8454      1000000            1      20121.4      1.94002 
 11272      1000000            1      20121.4      1.94002 
 14090      1000000            1      20121.4      1.94002 
theta q <=  2 q <=  3 q <=  4 q <=  5 q <=  6 q <=  7 q <=  8 q <=  9 q <= 10  q > 10   under    over
    1  791834   145554    27001    11564     6829     4100     2762     2015     1427     6914    85769   122397 
 2818  791834   145554    27001    11564     6829     4100     2762     2015     1427     6914    85769   122397 
 5636  791834   145554    27001    11564     6829     4100     2762     2015     1427     6914    85769   122397 
 8454  791834   145554    27001    11564     6829     4100     2762     2015     1427     6914    85769   122397 
11272  791834   145554    27001    11564     6829     4100     2762     2015     1427     6914    85769   122397 
14090  791834   145554    27001    11564     6829     4100     2762     2015     1427     6914    85769   122397

500 trees eta 0.1 depth 3
 theta        count     min qerr     max qerr     avg qerr 
     1      1000000            1      11399.7      1.37326 
  2818      1000000            1      11399.7      1.37326 
  5636      1000000            1      11399.7      1.37326 
  8454      1000000            1      11399.7      1.37326 
 11272       999997            1      11399.7      1.37323 
 14090       999991            1      11399.7       1.3732 
theta q <=  2 q <=  3 q <=  4 q <=  5 q <=  6 q <=  7 q <=  8 q <=  9 q <= 10  q > 10   under    over
    1  956366    29276     6961     2847     1441      813      572      361      249     1114     6546    37088 
 2818  956366    29276     6961     2847     1441      813      572      361      249     1114     6546    37088 
 5636  956366    29276     6961     2847     1441      813      572      361      249     1114     6546    37088 
 8454  956366    29276     6961     2847     1441      813      572      361      249     1114     6546    37088 
11272  956365    29276     6960     2847     1441      813      572      361      249     1113     6546    37086 
14090  956364    29276     6958     2846     1441      813      571      361      249     1112     6546    37081 

500 trees eta 0.1 depth 5

 theta        count     min qerr     max qerr     avg qerr 
     1      1000000            1      8359.17      1.26912 
  2818       999999            1      8359.17      1.26912 
  5636       999999            1      8359.17      1.26912 
  8454       999997            1      8359.17      1.26912 
 11272       999994            1      8359.17      1.26909 
 14090       999980            1      8359.17      1.26908 
theta q <=  2 q <=  3 q <=  4 q <=  5 q <=  6 q <=  7 q <=  8 q <=  9 q <= 10  q > 10   under    over
    1  974133    17253     4143     1743      875      482      332      204      162      673     5552    20315 
 2818  974132    17253     4143     1743      875      482      332      204      162      673     5552    20315 
 5636  974132    17253     4143     1743      875      482      332      204      162      673     5552    20315 
 8454  974130    17253     4143     1743      875      482      332      204      162      673     5552    20315 
11272  974128    17253     4143     1743      875      482      332      204      162      672     5552    20314 
14090  974117    17253     4142     1741      875      482      332      204      162      672     5552    20311 
exgb 500 trees eta 0.1 depth 5
 theta        count     min qerr     max qerr     avg qerr 
     1      1000000            1       2376.5      1.04746 
  2818      1000000            1       2376.5      1.04746 
  5636      1000000            1       2376.5      1.04746 
  8454      1000000            1       2376.5      1.04746 
 11272       999991            1       2376.5      1.04742 
 14090       999948            1       2376.5      1.04738 
theta q <=  2 q <=  3 q <=  4 q <=  5 q <=  6 q <=  7 q <=  8 q <=  9 q <= 10  q > 10   under    over
    1  999193      502       98       44       33       17       16       10        5       82      201      606 
 2818  999193      502       98       44       33       17       16       10        5       82      201      606 
 5636  999193      502       98       44       33       17       16       10        5       82      201      606 
 8454  999193      502       98       44       33       17       16       10        5       82      201      606 
11272  999189      500       97       43       33       17       16       10        5       81      201      601 
14090  999157      495       94       43       31       17       15       10        5       81      201      590 
eboxgb 500 trees eta 0.1 depth 5
 theta        count     min qerr     max qerr     avg qerr 
     1      1000000            1       1977.5      1.14936 
  2818      1000000            1       1977.5      1.14936 
  5636       999999            1       1977.5      1.14936 
  8454       999993            1       1977.5      1.14936 
 11272       999965            1       1977.5      1.14895 
 14090       999884            1       1977.5      1.14801 
theta q <=  2 q <=  3 q <=  4 q <=  5 q <=  6 q <=  7 q <=  8 q <=  9 q <= 10  q > 10   under    over
    1  991502     6995      932      242       95       60       35       13       20      106     2711     5787 
 2818  991502     6995      932      242       95       60       35       13       20      106     2711     5787 
 5636  991502     6994      932      242       95       60       35       13       20      106     2711     5786 
 8454  991498     6992      932      242       95       60       35       13       20      106     2711     5784 
11272  991478     6991      931      241       95       60       35       13       20      101     2711     5776 
14090  991432     6973      925      238       94       59       35       13       19       96     2711     5741 


xgb with above params and 300 trees
 theta        count     min qerr     max qerr     avg qerr 
     1      1000000            1      9535.92      1.29999 
  2818      1000000            1      9535.92      1.29999 
  5636       999999            1      9535.92      1.29999 
  8454       999999            1      9535.92      1.29999 
 11272       999996            1      9535.92      1.29996 
 14090       999991            1      9535.92      1.29995 
theta q <=  2 q <=  3 q <=  4 q <=  5 q <=  6 q <=  7 q <=  8 q <=  9 q <= 10  q > 10   under    over
    1  969071    20472     5032     2062     1060      644      380      267      199      813     5159    25770 
 2818  969071    20472     5032     2062     1060      644      380      267      199      813     5159    25770 
 5636  969070    20472     5032     2062     1060      644      380      267      199      813     5159    25770 
 8454  969070    20472     5032     2062     1060      644      380      267      199      813     5159    25770 
11272  969068    20472     5032     2062     1060      644      380      267      199      812     5159    25769 
14090  969066    20471     5032     2060     1060      644      380      267      199      812     5159    25766 
exgb log normalized features and above params but 500 trees
 theta        count     min qerr     max qerr     avg qerr 
     1      1000000            1      2381.42      1.04763 
  2818      1000000            1      2381.42      1.04763 
  5636      1000000            1      2381.42      1.04763 
  8454      1000000            1      2381.42      1.04763 
 11272       999990            1      2381.42      1.04758 
 14090       999942            1      2381.42      1.04752 
theta q <=  2 q <=  3 q <=  4 q <=  5 q <=  6 q <=  7 q <=  8 q <=  9 q <= 10  q > 10   under    over
    1  999181      518       94       42       33       21       11       12        8       80      206      613 
 2818  999181      518       94       42       33       21       11       12        8       80      206      613 
 5636  999181      518       94       42       33       21       11       12        8       80      206      613 
 8454  999181      518       94       42       33       21       11       12        8       80      206      613 
11272  999177      516       91       42       33       21       11       12        8       79      206      607 
14090  999142      509       89       42       31       21       10       12        8       78      206      594 
exgb above params and no log no mormalized features 
 theta        count     min qerr     max qerr     avg qerr 
     1      1000000            1      2377.08      1.04767 
  2818      1000000            1      2377.08      1.04767 
  5636      1000000            1      2377.08      1.04767 
  8454      1000000            1      2377.08      1.04767 
 11272       999990            1      2377.08      1.04762 
 14090       999943            1      2377.08      1.04756 
theta q <=  2 q <=  3 q <=  4 q <=  5 q <=  6 q <=  7 q <=  8 q <=  9 q <= 10  q > 10   under    over
    1  999182      516       97       40       36       18       11       12        8       80      208      610 
 2818  999182      516       97       40       36       18       11       12        8       80      208      610 
 5636  999182      516       97       40       36       18       11       12        8       80      208      610 
 8454  999182      516       97       40       36       18       11       12        8       80      208      610 
11272  999178      513       95       40       36       18       11       12        8       79      208      604 
14090  999144      506       93       40       34       18       10       12        8       78      208      591 
exgb with 100,000 train queies
 theta        count     min qerr     max qerr     avg qerr 
     1      1000000            1      2128.83      1.03723 
  2818       999990            1      2128.83      1.03703 
  5636       999973            1      2128.83      1.03693 
  8454       999943            1      2128.83      1.03689 
 11272       999868            1      2128.83      1.03633 
 14090       999709            1      2128.83      1.03609 
theta q <=  2 q <=  3 q <=  4 q <=  5 q <=  6 q <=  7 q <=  8 q <=  9 q <= 10  q > 10   under    over
    1  999187      516      120       45       31       14        4        9       12       62      361      452 
 2818  999182      516      120       45       30       14        4        9       12       58      361      447 
 5636  999174      513      119       43       30       14        4        9       12       55      358      441 
 8454  999154      510      113       43       30       14        4        9       12       54      356      433 
11272  999101      501      109       41       30       13        4        9       10       50      355      412 
14090  999002      471       97       38       24       11        4        8        9       45      348      359 

