~#primes = 43622149251
             23          9          7  1.2105263158  1.2105263158  1.2105263158      4   1.2757159556  1.2757159556   1.2757159556   1.1163201645
             29         10          9  1.2608695652  1.2105263158  1.2608695652      6   1.7818452262  1.2757159556   1.7818452262   1.4676143260
             97         25         21  1.0898876404  1.0281690141  1.2608695652      8   1.7487443551  0.4661505434   1.7818452262   1.1718475662
            127         31         26  1.1238938053  1.0186915888  1.2608695652     14   2.8900617895  0.4263167111   2.8900617895   1.8317273651
            541        100         86  1.0344168260  1.0038387716  1.2608695652     18   2.8601304319  0.3195101800   2.8900617895   1.5711088202
            907        155        133  1.0225479143  1.0022701476  1.2608695652     20   2.9367961311  0.2948406483   2.9367961311   1.5308466286
           1151        190        163  1.0194862710  1.0018331806  1.2608695652     22   3.1212817692  0.2858497994   3.1212817692   1.5983632872
           1361        218        189  1.0256217031  1.0015163002  1.2608695652     34   4.7117679853  0.2783133646   4.7117679853   2.3841392390
           9587       1184       1046  1.0037692388  1.0002113941  1.2608695652     36   3.9266316327  0.2184564043   4.7117679853   2.1265014968
          15727       1832       1628  1.0028055857  1.0001278200  1.2608695652     44   4.5533880435  0.2070787318   4.7117679853   2.0772078143
          19661       2226       1989  1.0026518435  1.0001023489  1.2608695652     52   5.2597548881  0.2024215191   5.2597548881   2.2956740311
          31469       3386       3038  1.0022932127  1.0000637125  1.2608695652     72   6.9519823209  0.1931557162   6.9519823209   2.9739328894
         156007      14358      13047  1.0005515614  1.0000128295  1.2608695652     86   7.1920449017  0.1672670837   7.1920449017   2.8984149130
         360749      30803      28192  1.0002661838  1.0000055477  1.2608695652     96   7.5023810068  0.1563076659   7.5023810068   2.9431169136
         370373      31546      28885  1.0003024893  1.0000054060  1.2608695652    112   8.7348056112  0.1559922122   8.7348056112   3.4238253344
         492227      40934      37555  1.0002316541  1.0000040646  1.2608695652    114   8.6978447001  0.1525976938   8.7348056112   3.3946317255
        1349651     103521      95616  1.0000874377  1.0000014820  1.2608695652    118   8.3596896172  0.1416905322   8.7348056112   3.2995605417
        1357333     104072      96121  1.0000972590  1.0000014738  1.2608695652    132   9.3477585185  0.1416347002   9.3477585185   3.5305664889
        2010881     149690     138547  1.0000736050  1.0000009947  1.2608695652    148  10.1969924644  0.1377986025  10.1969924644   3.8117895825
        4652507     325853     303037  1.0000331015  1.0000004299  1.2608695652    154  10.0306672853  0.1302692781  10.1969924644   3.7333767909
       17051887    1094422    1024028  1.0000105561  1.0000001173  1.2608695652    180  10.8096607473  0.1201074584  10.8096607473   3.8434122436
       20831533    1319946    1236148  1.0000100810  1.0000000960  1.2608695652    210  12.4614448783  0.1186805167  12.4614448783   4.4119616868
       47326913    2850175    2677984  1.0000046485  1.0000000423  1.2608695652    220  12.4486565932  0.1131696408  12.4614448783   4.3389207929
      122164969    6957877    6560643  1.0000018172  1.0000000164  1.2608695652    222  11.9220984988  0.1074063035  12.4614448783   4.2613666153
      189695893   10539433    9952078  1.0000012336  1.0000000105  1.2608695652    234  12.2764191366  0.1049266692  12.4614448783   4.2275994837
      191913031   10655463   10062262  1.0000012923  1.0000000104  1.2608695652    248  13.0029787711  0.1048627418  13.0029787711   4.4104053394
      387096383   20684333   19575846  1.0000006458  1.0000000052  1.2608695652    250  12.6427465510  0.1011419846  13.0029787711   4.3570157618
      436273291   23163299   21930136  1.0000006464  1.0000000046  1.2608695652    282  14.1752853522  0.1005339430  14.1752853522   4.7402527219
     1294268779   64955635   61687037  1.0000002225  1.0000000015  1.2608695652    288  13.7265665968  0.0953233815  14.1752853522   4.6573655995
     1453168433   72507381   68880296  1.0000002009  1.0000000014  1.2608695652    292  13.8408224881  0.0948001566  14.1752853522   4.6489584652
     2300942869  112228684  106739676  1.0000001391  1.0000000009  1.2608695652    320  14.8446520025  0.0927790759  14.8446520025   4.8343186438
     3842611109  182837805  174114746  1.0000000874  1.0000000005  1.2608695652    336  15.2246878817  0.0906231425  15.2246878817   4.9204069154
     4302407713  203615629  193955561  1.0000000823  1.0000000005  1.2608695652    354  15.9585685726  0.0901614051  15.9585685726   5.1490863594
    10726905041  486570088  464448187  1.0000000356  1.0000000002  1.2608695652    382  16.5396455715  0.0865950031  16.5396455715   5.2679728822
    20678048681  910774005  870568961  1.0000000186  1.0000000001  1.2608695652    384  16.1668291990  0.0842022355  16.5396455715   5.2213734984
    22367085353  981765348  938576653  1.0000000176  1.0000000001  1.2608695652    394  16.5331868420  0.0839248064  16.5396455715   5.2159392944
    25056082543 1094330260 1046428430  1.0000000182  1.0000000001  1.2608695652    456  19.0441328329  0.0835268985  19.0441328329   5.9967662194
    42652618807 1820471369 1742605043  1.0000000109  1.0000000000  1.2608695652    464  18.9570713967  0.0817115147  19.0441328329   5.9555580543
   127976335139 5217031688 5003940516  1.0000000037  1.0000000000  1.2608695652    468  18.2990406690  0.0782010285  19.0441328329   5.8748819513
